<?xml version="1.0" encoding="UTF-8"?>
<!-- Generated by org.testng.reporters.JUnitReportReporter -->
<testsuite hostname="DESKTOP-7LDPBFS" failures="0" tests="1" name="com.simplilearn.docker_selenium.TestClass2" time="10.811" errors="0" timestamp="7 Jul 2024 18:35:47 GMT">
  <testcase classname="com.simplilearn.docker_selenium.TestClass2" name="tc1" time="10.811"/>
</testsuite> <!-- com.simplilearn.docker_selenium.TestClass2 -->
